<?xml version="1.0" encoding="UTF-8"?>
<testng-results ignored="0" total="1" passed="1" failed="0" skipped="0">
  <reporter-output>
  </reporter-output>
  <suite started-at="2024-07-04T18:15:34 CEST" name="Tests" finished-at="2024-07-04T18:15:44 CEST" duration-ms="9390">
    <groups>
    </groups>
    <test started-at="2024-07-04T18:15:34 CEST" name="Test1" finished-at="2024-07-04T18:15:44 CEST" duration-ms="9390">
      <class name="com.demoqa.tests.LoginTests">
        <test-method is-config="true" signature="init(java.lang.reflect.Method)[pri:0, instance:com.demoqa.tests.LoginTests@696da30b]" started-at="2024-07-04T18:15:34 CEST" name="init" finished-at="2024-07-04T18:15:39 CEST" duration-ms="5034" status="PASS">
          <params>
            <param index="0">
              <value>
                <![CDATA[public void com.demoqa.tests.LoginTests.loginPositiveTest()]]>
              </value>
            </param>
          </params>
          <reporter-output>
          </reporter-output>
        </test-method> <!-- init -->
        <test-method is-config="true" signature="precondition()[pri:0, instance:com.demoqa.tests.LoginTests@696da30b]" started-at="2024-07-04T18:15:39 CEST" name="precondition" finished-at="2024-07-04T18:15:40 CEST" duration-ms="1041" status="PASS">
          <reporter-output>
          </reporter-output>
        </test-method> <!-- precondition -->
        <test-method signature="loginPositiveTest()[pri:0, instance:com.demoqa.tests.LoginTests@696da30b]" started-at="2024-07-04T18:15:40 CEST" name="loginPositiveTest" finished-at="2024-07-04T18:15:42 CEST" duration-ms="1867" status="PASS">
          <reporter-output>
          </reporter-output>
        </test-method> <!-- loginPositiveTest -->
        <test-method is-config="true" signature="tearDown(org.testng.ITestResult)[pri:0, instance:com.demoqa.tests.LoginTests@696da30b]" started-at="2024-07-04T18:15:42 CEST" name="tearDown" finished-at="2024-07-04T18:15:44 CEST" duration-ms="1360" status="PASS">
          <params>
            <param index="0">
              <value>
                <![CDATA[[TestResult name=loginPositiveTest status=SUCCESS method=LoginTests.loginPositiveTest()[pri:0, instance:com.demoqa.tests.LoginTests@696da30b] output={null}]]]>
              </value>
            </param>
          </params>
          <reporter-output>
          </reporter-output>
        </test-method> <!-- tearDown -->
      </class> <!-- com.demoqa.tests.LoginTests -->
    </test> <!-- Test1 -->
  </suite> <!-- Tests -->
</testng-results>
